<?xml version="1.0" encoding="UTF-8"?>
<coverage generated="1692521861615" clover="3.2.0">
  <project timestamp="1692521861615" name="All files">
    <metrics statements="5" coveredstatements="5" conditionals="6" coveredconditionals="4" methods="3" coveredmethods="3" elements="14" coveredelements="12" complexity="0" loc="5" ncloc="5" packages="2" files="3" classes="3"/>
    <package name="components">
      <metrics statements="4" coveredstatements="4" conditionals="6" coveredconditionals="4" methods="2" coveredmethods="2"/>
      <file name="Header.vue" path="/Users/yuangao/Code/Learn/MyGithub/Javascript/TDD-BDD/lesson-14/jest-vue/src/components/Header.vue">
        <metrics statements="2" coveredstatements="2" conditionals="3" coveredconditionals="2" methods="1" coveredmethods="1"/>
        <line num="1" count="28" type="cond" truecount="2" falsecount="1"/>
        <line num="16" count="2" type="stmt"/>
      </file>
      <file name="UndoList.vue" path="/Users/yuangao/Code/Learn/MyGithub/Javascript/TDD-BDD/lesson-14/jest-vue/src/components/UndoList.vue">
        <metrics statements="2" coveredstatements="2" conditionals="3" coveredconditionals="2" methods="1" coveredmethods="1"/>
        <line num="1" count="51" type="cond" truecount="2" falsecount="1"/>
        <line num="36" count="2" type="stmt"/>
      </file>
    </package>
    <package name="container.TodoList">
      <metrics statements="1" coveredstatements="1" conditionals="0" coveredconditionals="0" methods="1" coveredmethods="1"/>
      <file name="TodoList.vue" path="/Users/yuangao/Code/Learn/MyGithub/Javascript/TDD-BDD/lesson-14/jest-vue/src/container/TodoList/TodoList.vue">
        <metrics statements="1" coveredstatements="1" conditionals="0" coveredconditionals="0" methods="1" coveredmethods="1"/>
        <line num="1" count="21" type="stmt"/>
      </file>
    </package>
  </project>
</coverage>
