{"/Users/yuangao/Code/Learn/MyGithub/Javascript/TDD-BDD/lesson-14/jest-vue/src/components/Header.vue": {"path":"/Users/yuangao/Code/Learn/MyGithub/Javascript/TDD-BDD/lesson-14/jest-vue/src/components/Header.vue","statementMap":{"0":{"start":{"line":16,"column":0},"end":{"line":36,"column":null}},"1":{"start":{"line":1,"column":0},"end":{"line":1,"column":null}}},"fnMap":{"0":{"name":"(anonymous_2)","decl":{"start":{"line":1,"column":0},"end":{"line":1,"column":null}},"loc":{"start":{"line":1,"column":0},"end":{"line":1,"column":null}}}},"branchMap":{"0":{"loc":{"start":{"line":1,"column":0},"end":{"line":1,"column":null}},"type":"if","locations":[{"start":{"line":1,"column":0},"end":{"line":1,"column":null}}]},"1":{"loc":{"start":{"line":1,"column":0},"end":{"line":1,"column":null}},"type":"binary-expr","locations":[{"start":{"line":1,"column":0},"end":{"line":1,"column":null}},{"start":{"line":1,"column":0},"end":{"line":1,"column":null}}]}},"s":{"0":2,"1":28},"f":{"0":9},"b":{"0":[0],"1":[2,2]}}
,"/Users/yuangao/Code/Learn/MyGithub/Javascript/TDD-BDD/lesson-14/jest-vue/src/components/UndoList.vue": {"path":"/Users/yuangao/Code/Learn/MyGithub/Javascript/TDD-BDD/lesson-14/jest-vue/src/components/UndoList.vue","statementMap":{"0":{"start":{"line":36,"column":0},"end":{"line":65,"column":null}},"1":{"start":{"line":1,"column":0},"end":{"line":1,"column":null}}},"fnMap":{"0":{"name":"(anonymous_5)","decl":{"start":{"line":1,"column":0},"end":{"line":1,"column":null}},"loc":{"start":{"line":1,"column":0},"end":{"line":1,"column":null}}}},"branchMap":{"0":{"loc":{"start":{"line":1,"column":0},"end":{"line":1,"column":null}},"type":"cond-expr","locations":[{"start":{"line":1,"column":0},"end":{"line":1,"column":null}},{"start":{"line":1,"column":0},"end":{"line":1,"column":null}}]},"1":{"loc":{"start":{"line":1,"column":0},"end":{"line":1,"column":null}},"type":"if","locations":[{"start":{"line":1,"column":0},"end":{"line":1,"column":null}}]}},"s":{"0":2,"1":51},"f":{"0":30},"b":{"0":[4,16],"1":[0]}}
,"/Users/yuangao/Code/Learn/MyGithub/Javascript/TDD-BDD/lesson-14/jest-vue/src/container/TodoList/TodoList.vue": {"path":"/Users/yuangao/Code/Learn/MyGithub/Javascript/TDD-BDD/lesson-14/jest-vue/src/container/TodoList/TodoList.vue","statementMap":{"0":{"start":{"line":1,"column":0},"end":{"line":1,"column":null}}},"fnMap":{"0":{"name":"(anonymous_0)","decl":{"start":{"line":1,"column":0},"end":{"line":1,"column":null}},"loc":{"start":{"line":1,"column":0},"end":{"line":1,"column":null}}}},"branchMap":{},"s":{"0":21},"f":{"0":6},"b":{}}
}
